0 info it worked if it ends with ok
1 verbose cli [ 'D:\\Program Files\\nodejs\\node.exe',
1 verbose cli   'D:\\Program Files\\nodejs\\node_modules\\npm\\bin\\npm-cli.js',
1 verbose cli   'run-script',
1 verbose cli   'build' ]
2 info using npm@3.10.10
3 info using node@v6.11.0
4 verbose run-script [ 'prebuild', 'build', 'postbuild' ]
5 info lifecycle gulp-test@1.0.0~prebuild: gulp-test@1.0.0
6 silly lifecycle gulp-test@1.0.0~prebuild: no script for prebuild, continuing
7 info lifecycle gulp-test@1.0.0~build: gulp-test@1.0.0
8 verbose lifecycle gulp-test@1.0.0~build: unsafe-perm in lifecycle true
9 verbose lifecycle gulp-test@1.0.0~build: PATH: D:\Program Files\nodejs\node_modules\npm\bin\node-gyp-bin;E:\work\gulp\node_modules\.bin;D:\Program Files\ImageMagick-7.0.1-Q16;D:\app\yangn\product\11.2.0\dbhome_1\bin;E:\oracle\product\10.1.0\Client_1\bin;E:\oracle\product\10.1.0\Client_1\jre\1.4.2\bin\client;E:\oracle\product\10.1.0\Client_1\jre\1.4.2\bin;C:\Windows\system32;C:\Windows;C:\Windows\System32\Wbem;C:\Windows\System32\WindowsPowerShell\v1.0\;D:\Program Files (x86)\TortoiseSVN\bin;D:\work\java\Jdk\jdk1.7\bin;D:\work\java\Jdk\jdk1.7\jre\bin;D:\MongoDB\bin;D:\work\apache-maven-3.2.1\bin;E:\Program Files\TortoiseGit-1.8.14.0\bin;\;E:\Program Files\Git\bin;E:\Program Files\Git\cmd;C:\sqlite;E:\Program Files (x86)\Calibre2\;D:\Program Files\nodejs;E:\Program Files (x86)\Microsoft VS Code\bin
10 verbose lifecycle gulp-test@1.0.0~build: CWD: E:\work\gulp
11 silly lifecycle gulp-test@1.0.0~build: Args: [ '/d /s /c', 'rimraf dist && gulp build' ]
12 silly lifecycle gulp-test@1.0.0~build: Returned: code: 1  signal: null
13 info lifecycle gulp-test@1.0.0~build: Failed to exec build script
14 verbose stack Error: gulp-test@1.0.0 build: `rimraf dist && gulp build`
14 verbose stack Exit status 1
14 verbose stack     at EventEmitter.<anonymous> (D:\Program Files\nodejs\node_modules\npm\lib\utils\lifecycle.js:255:16)
14 verbose stack     at emitTwo (events.js:106:13)
14 verbose stack     at EventEmitter.emit (events.js:191:7)
14 verbose stack     at ChildProcess.<anonymous> (D:\Program Files\nodejs\node_modules\npm\lib\utils\spawn.js:40:14)
14 verbose stack     at emitTwo (events.js:106:13)
14 verbose stack     at ChildProcess.emit (events.js:191:7)
14 verbose stack     at maybeClose (internal/child_process.js:891:16)
14 verbose stack     at Process.ChildProcess._handle.onexit (internal/child_process.js:226:5)
15 verbose pkgid gulp-test@1.0.0
16 verbose cwd E:\work\gulp
17 error Windows_NT 6.1.7601
18 error argv "D:\\Program Files\\nodejs\\node.exe" "D:\\Program Files\\nodejs\\node_modules\\npm\\bin\\npm-cli.js" "run-script" "build"
19 error node v6.11.0
20 error npm  v3.10.10
21 error code ELIFECYCLE
22 error gulp-test@1.0.0 build: `rimraf dist && gulp build`
22 error Exit status 1
23 error Failed at the gulp-test@1.0.0 build script 'rimraf dist && gulp build'.
23 error Make sure you have the latest version of node.js and npm installed.
23 error If you do, this is most likely a problem with the gulp-test package,
23 error not with npm itself.
23 error Tell the author that this fails on your system:
23 error     rimraf dist && gulp build
23 error You can get information on how to open an issue for this project with:
23 error     npm bugs gulp-test
23 error Or if that isn't available, you can get their info via:
23 error     npm owner ls gulp-test
23 error There is likely additional logging output above.
24 verbose exit [ 1, true ]
